2026-03-01 16:02:06,853 - INFO - ============================================================
2026-03-01 16:02:06,856 - INFO - Starting Background Crawler for Odoo 19 Documentation
2026-03-01 16:02:06,858 - INFO - ============================================================
2026-03-01 16:02:08,678 - INFO - Current status:
============================================================
📊 Crawler Status
============================================================

📝 Queue Status:
  Queue Size: 0
  Crawled: 196
  Failed: 1

============================================================

2026-03-01 16:02:08,679 - INFO - ============================================================
2026-03-01 16:02:08,680 - INFO - CRAWL COMPLETED! All pages processed.
2026-03-01 16:02:08,681 - INFO - ============================================================
2026-03-01 16:02:08,681 - INFO - Final status:
2026-03-01 16:02:10,291 - INFO - Current status:
============================================================
📊 Crawler Status
============================================================

📝 Queue Status:
  Queue Size: 0
  Crawled: 196
  Failed: 1

============================================================

